# JRE version: OpenJDK Runtime Environment Temurin-21.0.7+6 (21.0.7+6) (build 21.0.7+6-LTS)
# Java VM: OpenJDK 64-Bit Server VM Temurin-21.0.7+6 (21.0.7+6-LTS, mixed mode, sharing, tiered, compressed oops, compressed class ptrs, parallel gc, windows-amd64)
GC Precious Log:
 CardTable entry size: 512
 CPUs: 4 total, 4 available
 Memory: 3499M
 Large Page Support: Disabled
 NUMA Support: Disabled
 Compressed Oops: Enabled (32-bit)
 Alignments: Space 512K, Generation 512K, Heap 2M
 Heap Min Capacity: 100M
 Heap Initial Capacity: 100M
 Heap Max Capacity: 2G
 Pre-touch: Disabled
 Parallel Workers: 4
Heap:
 PSYoungGen      total 7680K, used 5761K [0x00000000d5580000, 0x00000000d5f80000, 0x0000000100000000)
  eden space 5120K, 95% used [0x00000000d5580000,0x00000000d5a40478,0x00000000d5a80000)
  from space 2560K, 35% used [0x00000000d5b00000,0x00000000d5be0000,0x00000000d5d80000)
  to   space 1536K, 0% used [0x00000000d5e00000,0x00000000d5e00000,0x00000000d5f80000)
 ParOldGen       total 521216K, used 520846K [0x0000000080000000, 0x000000009fd00000, 0x00000000d5580000)
  object space 521216K, 99% used [0x0000000080000000,0x000000009fca39d8,0x000000009fd00000)
 Metaspace       used 73060K, committed 74560K, reserved 1179648K
  class space    used 7367K, committed 8064K, reserved 1048576K
GC Heap History (20 events):
Event: 353.232 GC heap before
{Heap before GC invocations=600 (full 4):
 PSYoungGen      total 2560K, used 1664K [0x00000000d5580000, 0x00000000d5900000, 0x0000000100000000)
  eden space 1536K, 100% used [0x00000000d5580000,0x00000000d5700000,0x00000000d5700000)
  from space 1024K, 12% used [0x00000000d5700000,0x00000000d5720000,0x00000000d5800000)
  to   space 512K, 0% used [0x00000000d5880000,0x00000000d5880000,0x00000000d5900000)
 ParOldGen       total 509440K, used 509128K [0x0000000080000000, 0x000000009f180000, 0x00000000d5580000)
  object space 509440K, 99% used [0x0000000080000000,0x000000009f1321d8,0x000000009f180000)
 Metaspace       used 72922K, committed 74496K, reserved 1179648K
  class space    used 7359K, committed 8064K, reserved 1048576K
}
Event: 353.237 GC heap after
{Heap after GC invocations=600 (full 4):
 PSYoungGen      total 2560K, used 128K [0x00000000d5580000, 0x00000000d5900000, 0x0000000100000000)
  eden space 2048K, 0% used [0x00000000d5580000,0x00000000d5580000,0x00000000d5780000)
  from space 512K, 25% used [0x00000000d5880000,0x00000000d58a0000,0x00000000d5900000)
  to   space 512K, 0% used [0x00000000d5800000,0x00000000d5800000,0x00000000d5880000)
 ParOldGen       total 509440K, used 509144K [0x0000000080000000, 0x000000009f180000, 0x00000000d5580000)
  object space 509440K, 99% used [0x0000000080000000,0x000000009f1361d8,0x000000009f180000)
 Metaspace       used 72922K, committed 74496K, reserved 1179648K
  class space    used 7359K, committed 8064K, reserved 1048576K
}
Event: 362.539 GC heap before
{Heap before GC invocations=601 (full 4):
 PSYoungGen      total 2560K, used 2176K [0x00000000d5580000, 0x00000000d5900000, 0x0000000100000000)
  eden space 2048K, 100% used [0x00000000d5580000,0x00000000d5780000,0x00000000d5780000)
  from space 512K, 25% used [0x00000000d5880000,0x00000000d58a0000,0x00000000d5900000)
  to   space 512K, 0% used [0x00000000d5800000,0x00000000d5800000,0x00000000d5880000)
 ParOldGen       total 509440K, used 509144K [0x0000000080000000, 0x000000009f180000, 0x00000000d5580000)
  object space 509440K, 99% used [0x0000000080000000,0x000000009f1361d8,0x000000009f180000)
 Metaspace       used 72990K, committed 74560K, reserved 1179648K
  class space    used 7366K, committed 8064K, reserved 1048576K
}
Event: 362.768 GC heap after
{Heap after GC invocations=601 (full 4):
 PSYoungGen      total 3072K, used 160K [0x00000000d5580000, 0x00000000d5900000, 0x0000000100000000)
  eden space 2560K, 0% used [0x00000000d5580000,0x00000000d5580000,0x00000000d5800000)
  from space 512K, 31% used [0x00000000d5800000,0x00000000d5828000,0x00000000d5880000)
  to   space 512K, 0% used [0x00000000d5880000,0x00000000d5880000,0x00000000d5900000)
 ParOldGen       total 509440K, used 509168K [0x0000000080000000, 0x000000009f180000, 0x00000000d5580000)
  object space 509440K, 99% used [0x0000000080000000,0x000000009f13c1d8,0x000000009f180000)
 Metaspace       used 72990K, committed 74560K, reserved 1179648K
  class space    used 7366K, committed 8064K, reserved 1048576K
}
Event: 375.463 GC heap before
{Heap before GC invocations=602 (full 4):
 PSYoungGen      total 3072K, used 2720K [0x00000000d5580000, 0x00000000d5900000, 0x0000000100000000)
  eden space 2560K, 100% used [0x00000000d5580000,0x00000000d5800000,0x00000000d5800000)
  from space 512K, 31% used [0x00000000d5800000,0x00000000d5828000,0x00000000d5880000)
  to   space 512K, 0% used [0x00000000d5880000,0x00000000d5880000,0x00000000d5900000)
 ParOldGen       total 509440K, used 509168K [0x0000000080000000, 0x000000009f180000, 0x00000000d5580000)
  object space 509440K, 99% used [0x0000000080000000,0x000000009f13c1d8,0x000000009f180000)
 Metaspace       used 73018K, committed 74560K, reserved 1179648K
  class space    used 7367K, committed 8064K, reserved 1048576K
}
Event: 375.470 GC heap after
{Heap after GC invocations=602 (full 4):
 PSYoungGen      total 3072K, used 224K [0x00000000d5580000, 0x00000000d5900000, 0x0000000100000000)
  eden space 2560K, 0% used [0x00000000d5580000,0x00000000d5580000,0x00000000d5800000)
  from space 512K, 43% used [0x00000000d5880000,0x00000000d58b8000,0x00000000d5900000)
  to   space 512K, 0% used [0x00000000d5800000,0x00000000d5800000,0x00000000d5880000)
 ParOldGen       total 509440K, used 509192K [0x0000000080000000, 0x000000009f180000, 0x00000000d5580000)
  object space 509440K, 99% used [0x0000000080000000,0x000000009f1421d8,0x000000009f180000)
 Metaspace       used 73018K, committed 74560K, reserved 1179648K
  class space    used 7367K, committed 8064K, reserved 1048576K
}
Event: 375.557 GC heap before
{Heap before GC invocations=603 (full 4):
 PSYoungGen      total 3072K, used 2784K [0x00000000d5580000, 0x00000000d5900000, 0x0000000100000000)
  eden space 2560K, 100% used [0x00000000d5580000,0x00000000d5800000,0x00000000d5800000)
  from space 512K, 43% used [0x00000000d5880000,0x00000000d58b8000,0x00000000d5900000)
  to   space 512K, 0% used [0x00000000d5800000,0x00000000d5800000,0x00000000d5880000)
 ParOldGen       total 509440K, used 509192K [0x0000000080000000, 0x000000009f180000, 0x00000000d5580000)
  object space 509440K, 99% used [0x0000000080000000,0x000000009f1421d8,0x000000009f180000)
 Metaspace       used 73021K, committed 74560K, reserved 1179648K
  class space    used 7367K, committed 8064K, reserved 1048576K
}
Event: 375.564 GC heap after
{Heap after GC invocations=603 (full 4):
 PSYoungGen      total 3072K, used 499K [0x00000000d5580000, 0x00000000d5e00000, 0x0000000100000000)
  eden space 2560K, 0% used [0x00000000d5580000,0x00000000d5580000,0x00000000d5800000)
  from space 512K, 97% used [0x00000000d5800000,0x00000000d587cf90,0x00000000d5880000)
  to   space 3072K, 0% used [0x00000000d5b00000,0x00000000d5b00000,0x00000000d5e00000)
 ParOldGen       total 510976K, used 510949K [0x0000000080000000, 0x000000009f300000, 0x00000000d5580000)
  object space 510976K, 99% used [0x0000000080000000,0x000000009f2f9638,0x000000009f300000)
 Metaspace       used 73021K, committed 74560K, reserved 1179648K
  class space    used 7367K, committed 8064K, reserved 1048576K
}
Event: 375.577 GC heap before
{Heap before GC invocations=604 (full 4):
 PSYoungGen      total 3072K, used 3059K [0x00000000d5580000, 0x00000000d5e00000, 0x0000000100000000)
  eden space 2560K, 100% used [0x00000000d5580000,0x00000000d5800000,0x00000000d5800000)
  from space 512K, 97% used [0x00000000d5800000,0x00000000d587cf90,0x00000000d5880000)
  to   space 3072K, 0% used [0x00000000d5b00000,0x00000000d5b00000,0x00000000d5e00000)
 ParOldGen       total 510976K, used 510949K [0x0000000080000000, 0x000000009f300000, 0x00000000d5580000)
  object space 510976K, 99% used [0x0000000080000000,0x000000009f2f9638,0x000000009f300000)
 Metaspace       used 73021K, committed 74560K, reserved 1179648K
  class space    used 7367K, committed 8064K, reserved 1048576K
}
Event: 375.585 GC heap after
{Heap after GC invocations=604 (full 4):
 PSYoungGen      total 5632K, used 2528K [0x00000000d5580000, 0x00000000d5e80000, 0x0000000100000000)
  eden space 2560K, 0% used [0x00000000d5580000,0x00000000d5580000,0x00000000d5800000)
  from space 3072K, 82% used [0x00000000d5b00000,0x00000000d5d78000,0x00000000d5e00000)
  to   space 3072K, 0% used [0x00000000d5800000,0x00000000d5800000,0x00000000d5b00000)
 ParOldGen       total 511488K, used 511457K [0x0000000080000000, 0x000000009f380000, 0x00000000d5580000)
  object space 511488K, 99% used [0x0000000080000000,0x000000009f3785f8,0x000000009f380000)
 Metaspace       used 73021K, committed 74560K, reserved 1179648K
  class space    used 7367K, committed 8064K, reserved 1048576K
}
Event: 375.618 GC heap before
{Heap before GC invocations=605 (full 4):
 PSYoungGen      total 5632K, used 4925K [0x00000000d5580000, 0x00000000d5e80000, 0x0000000100000000)
  eden space 2560K, 93% used [0x00000000d5580000,0x00000000d57d7560,0x00000000d5800000)
  from space 3072K, 82% used [0x00000000d5b00000,0x00000000d5d78000,0x00000000d5e00000)
  to   space 3072K, 0% used [0x00000000d5800000,0x00000000d5800000,0x00000000d5b00000)
 ParOldGen       total 511488K, used 511457K [0x0000000080000000, 0x000000009f380000, 0x00000000d5580000)
  object space 511488K, 99% used [0x0000000080000000,0x000000009f3785f8,0x000000009f380000)
 Metaspace       used 73021K, committed 74560K, reserved 1179648K
  class space    used 7367K, committed 8064K, reserved 1048576K
}
Event: 375.626 GC heap after
{Heap after GC invocations=605 (full 4):
 PSYoungGen      total 5632K, used 1992K [0x00000000d5580000, 0x00000000d5d80000, 0x0000000100000000)
  eden space 2560K, 0% used [0x00000000d5580000,0x00000000d5580000,0x00000000d5800000)
  from space 3072K, 64% used [0x00000000d5800000,0x00000000d59f2000,0x00000000d5b00000)
  to   space 2560K, 0% used [0x00000000d5b00000,0x00000000d5b00000,0x00000000d5d80000)
 ParOldGen       total 514048K, used 513913K [0x0000000080000000, 0x000000009f600000, 0x00000000d5580000)
  object space 514048K, 99% used [0x0000000080000000,0x000000009f5de5f8,0x000000009f600000)
 Metaspace       used 73021K, committed 74560K, reserved 1179648K
  class space    used 7367K, committed 8064K, reserved 1048576K
}
Event: 375.673 GC heap before
{Heap before GC invocations=606 (full 4):
 PSYoungGen      total 5632K, used 4552K [0x00000000d5580000, 0x00000000d5d80000, 0x0000000100000000)
  eden space 2560K, 100% used [0x00000000d5580000,0x00000000d5800000,0x00000000d5800000)
  from space 3072K, 64% used [0x00000000d5800000,0x00000000d59f2000,0x00000000d5b00000)
  to   space 2560K, 0% used [0x00000000d5b00000,0x00000000d5b00000,0x00000000d5d80000)
 ParOldGen       total 514048K, used 513913K [0x0000000080000000, 0x000000009f600000, 0x00000000d5580000)
  object space 514048K, 99% used [0x0000000080000000,0x000000009f5de5f8,0x000000009f600000)
 Metaspace       used 73021K, committed 74560K, reserved 1179648K
  class space    used 7367K, committed 8064K, reserved 1048576K
}
Event: 375.681 GC heap after
{Heap after GC invocations=606 (full 4):
 PSYoungGen      total 5632K, used 2301K [0x00000000d5580000, 0x00000000d5d80000, 0x0000000100000000)
  eden space 3072K, 0% used [0x00000000d5580000,0x00000000d5580000,0x00000000d5880000)
  from space 2560K, 89% used [0x00000000d5b00000,0x00000000d5d3f710,0x00000000d5d80000)
  to   space 2560K, 0% used [0x00000000d5880000,0x00000000d5880000,0x00000000d5b00000)
 ParOldGen       total 515584K, used 515565K [0x0000000080000000, 0x000000009f780000, 0x00000000d5580000)
  object space 515584K, 99% used [0x0000000080000000,0x000000009f77b5f8,0x000000009f780000)
 Metaspace       used 73021K, committed 74560K, reserved 1179648K
  class space    used 7367K, committed 8064K, reserved 1048576K
}
Event: 375.708 GC heap before
{Heap before GC invocations=607 (full 4):
 PSYoungGen      total 5632K, used 5373K [0x00000000d5580000, 0x00000000d5d80000, 0x0000000100000000)
  eden space 3072K, 100% used [0x00000000d5580000,0x00000000d5880000,0x00000000d5880000)
  from space 2560K, 89% used [0x00000000d5b00000,0x00000000d5d3f710,0x00000000d5d80000)
  to   space 2560K, 0% used [0x00000000d5880000,0x00000000d5880000,0x00000000d5b00000)
 ParOldGen       total 515584K, used 515565K [0x0000000080000000, 0x000000009f780000, 0x00000000d5580000)
  object space 515584K, 99% used [0x0000000080000000,0x000000009f77b5f8,0x000000009f780000)
 Metaspace       used 73022K, committed 74560K, reserved 1179648K
  class space    used 7367K, committed 8064K, reserved 1048576K
}
Event: 375.719 GC heap after
{Heap after GC invocations=607 (full 4):
 PSYoungGen      total 5632K, used 2544K [0x00000000d5580000, 0x00000000d6480000, 0x0000000100000000)
  eden space 3072K, 0% used [0x00000000d5580000,0x00000000d5580000,0x00000000d5880000)
  from space 2560K, 99% used [0x00000000d5880000,0x00000000d5afc000,0x00000000d5b00000)
  to   space 5632K, 0% used [0x00000000d5f00000,0x00000000d5f00000,0x00000000d6480000)
 ParOldGen       total 518144K, used 517875K [0x0000000080000000, 0x000000009fa00000, 0x00000000d5580000)
  object space 518144K, 99% used [0x0000000080000000,0x000000009f9bcd08,0x000000009fa00000)
 Metaspace       used 73022K, committed 74560K, reserved 1179648K
  class space    used 7367K, committed 8064K, reserved 1048576K
}
Event: 375.820 GC heap before
{Heap before GC invocations=608 (full 4):
 PSYoungGen      total 5632K, used 5616K [0x00000000d5580000, 0x00000000d6480000, 0x0000000100000000)
  eden space 3072K, 100% used [0x00000000d5580000,0x00000000d5880000,0x00000000d5880000)
  from space 2560K, 99% used [0x00000000d5880000,0x00000000d5afc000,0x00000000d5b00000)
  to   space 5632K, 0% used [0x00000000d5f00000,0x00000000d5f00000,0x00000000d6480000)
 ParOldGen       total 518144K, used 517875K [0x0000000080000000, 0x000000009fa00000, 0x00000000d5580000)
  object space 518144K, 99% used [0x0000000080000000,0x000000009f9bcd08,0x000000009fa00000)
 Metaspace       used 73032K, committed 74560K, reserved 1179648K
  class space    used 7367K, committed 8064K, reserved 1048576K
}
Event: 375.828 GC heap after
{Heap after GC invocations=608 (full 4):
 PSYoungGen      total 5120K, used 592K [0x00000000d5580000, 0x00000000d6000000, 0x0000000100000000)
  eden space 4096K, 0% used [0x00000000d5580000,0x00000000d5580000,0x00000000d5980000)
  from space 1024K, 57% used [0x00000000d5f00000,0x00000000d5f94010,0x00000000d6000000)
  to   space 2560K, 0% used [0x00000000d5b00000,0x00000000d5b00000,0x00000000d5d80000)
 ParOldGen       total 520704K, used 520343K [0x0000000080000000, 0x000000009fc80000, 0x00000000d5580000)
  object space 520704K, 99% used [0x0000000080000000,0x000000009fc25f88,0x000000009fc80000)
 Metaspace       used 73032K, committed 74560K, reserved 1179648K
  class space    used 7367K, committed 8064K, reserved 1048576K
}
Event: 376.412 GC heap before
{Heap before GC invocations=609 (full 4):
 PSYoungGen      total 5120K, used 4688K [0x00000000d5580000, 0x00000000d6000000, 0x0000000100000000)
  eden space 4096K, 100% used [0x00000000d5580000,0x00000000d5980000,0x00000000d5980000)
  from space 1024K, 57% used [0x00000000d5f00000,0x00000000d5f94010,0x00000000d6000000)
  to   space 2560K, 0% used [0x00000000d5b00000,0x00000000d5b00000,0x00000000d5d80000)
 ParOldGen       total 520704K, used 520343K [0x0000000080000000, 0x000000009fc80000, 0x00000000d5580000)
  object space 520704K, 99% used [0x0000000080000000,0x000000009fc25f88,0x000000009fc80000)
 Metaspace       used 73052K, committed 74560K, reserved 1179648K
  class space    used 7367K, committed 8064K, reserved 1048576K
}
Event: 376.416 GC heap after
{Heap after GC invocations=609 (full 4):
 PSYoungGen      total 7680K, used 896K [0x00000000d5580000, 0x00000000d5f80000, 0x0000000100000000)
  eden space 5120K, 0% used [0x00000000d5580000,0x00000000d5580000,0x00000000d5a80000)
  from space 2560K, 35% used [0x00000000d5b00000,0x00000000d5be0000,0x00000000d5d80000)
  to   space 1536K, 0% used [0x00000000d5e00000,0x00000000d5e00000,0x00000000d5f80000)
 ParOldGen       total 521216K, used 520846K [0x0000000080000000, 0x000000009fd00000, 0x00000000d5580000)
  object space 521216K, 99% used [0x0000000080000000,0x000000009fca39d8,0x000000009fd00000)
 Metaspace       used 73052K, committed 74560K, reserved 1179648K
  class space    used 7367K, committed 8064K, reserved 1048576K
}

